{"level":"INFO","mac":"c49ded0209b0","date":"20201217124143.388","type":"perf","token":"addAction","start":2958.7352,"end":2960.2618,"ms":1.526600000000144,"rootName":"NameAndAge","name":"NameAndAge","ident":"00.00","jobId":2,"taskId":2,"storeId":-1,"children":[],"isDirty":false,"eventName":"","ran":false,"success":false}
{"level":"INFO","mac":"c49ded0209b0","date":"20201217124143.391","type":"perf","token":"addAction","start":2962.6295,"end":2963.702,"ms":1.0725000000002183,"rootName":"Young","name":"Young","ident":"00.00","jobId":1,"taskId":1,"storeId":0,"children":[],"isDirty":false,"eventName":"","ran":false,"success":false}
{"level":"INFO","mac":"c49ded0209b0","date":"20201217124143.392","type":"perf","token":"addAction","start":2964.0256,"end":2964.124,"ms":0.09839999999985594,"rootName":"ObjR3","name":"ObjR3","ident":"00.00","jobId":3,"taskId":3,"storeId":2,"children":[],"isDirty":false,"eventName":"","ran":false,"success":false}
{"level":"INFO","mac":"c49ded0209b0","date":"20201217124143.395","type":"perf","token":"addAction","start":2966.1023,"end":2967.3473,"ms":1.2449999999998909,"rootName":"ObjA","name":"ObjA","ident":"00.00","jobId":5,"taskId":5,"storeId":-1,"children":[],"isDirty":false,"eventName":"","ran":false,"success":false}
{"level":"INFO","mac":"c49ded0209b0","date":"20201217124143.396","type":"perf","token":"addAction","start":2968.1344,"end":2968.3821,"ms":0.24769999999989523,"rootName":"Old","name":"Old","ident":"00.00","jobId":4,"taskId":4,"storeId":3,"children":[],"isDirty":false,"eventName":"","ran":false,"success":false}
{"level":"INFO","mac":"c49ded0209b0","date":"20201217124143.396","type":"perf","token":"addAction","start":2968.6086999999998,"end":2968.6698,"ms":0.06110000000035143,"rootName":"ObjP3","name":"ObjP3","ident":"00.00","jobId":6,"taskId":6,"storeId":5,"children":[],"isDirty":false,"eventName":"","ran":false,"success":false}
{"level":"INFO","mac":"c49ded0209b0","date":"20201217124143.398","type":"perf","token":"addAction","start":2969.9393,"end":2970.2334,"ms":0.2941000000000713,"rootName":"ObjB","name":"ObjB","ident":"00.00","jobId":8,"taskId":8,"storeId":-1,"children":[],"isDirty":false,"eventName":"","ran":false,"success":false}
{"level":"INFO","mac":"c49ded0209b0","date":"20201217124143.398","type":"perf","token":"addAction","start":2970.6268,"end":2970.873,"ms":0.24620000000004438,"rootName":"OverTheHill","name":"OverTheHill","ident":"00.00","jobId":7,"taskId":7,"storeId":6,"children":[],"isDirty":false,"eventName":"","ran":false,"success":false}
{"level":"INFO","mac":"c49ded0209b0","date":"20201217124143.399","type":"perf","token":"addAction","start":2971.1113,"end":2971.158,"ms":0.0466999999998734,"rootName":"ObjQ3","name":"ObjQ3","ident":"00.00","jobId":9,"taskId":9,"storeId":8,"children":[],"isDirty":false,"eventName":"","ran":false,"success":false}
{"level":"INFO","mac":"c49ded0209b0","date":"20201217124143.399","type":"perf","token":"addAction","start":2971.5807,"end":2971.7343,"ms":0.15360000000009677,"rootName":"ObjS3","name":"ObjS3","ident":"00.00","jobId":11,"taskId":11,"storeId":-1,"children":[],"isDirty":false,"eventName":"","ran":false,"success":false}
{"level":"INFO","mac":"c49ded0209b0","date":"20201217124143.400","type":"perf","token":"addAction","start":2971.9735,"end":2972.0495,"ms":0.07600000000002183,"rootName":"ObjS3","name":"ObjS3","ident":"00.00","jobId":11,"taskId":11,"storeId":10,"children":[],"isDirty":false,"eventName":"","ran":false,"success":false}
{"level":"INFO","mac":"c49ded0209b0","date":"20201217124143.401","type":"perf","token":"addAction","start":2972.4239,"end":2973.0061,"ms":0.5822000000002845,"rootName":"ObjD","name":"ObjD","ident":"00.00","jobId":12,"taskId":12,"storeId":11,"children":[],"isDirty":false,"eventName":"","ran":false,"success":false}
{"level":"INFO","mac":"c49ded0209b0","date":"20201217124143.433","type":"perf","token":"addAction","start":3005.0038,"end":3005.3314,"ms":0.32760000000007494,"rootName":"NameAndAge1","name":"NameAndAge1","ident":"00.00","jobId":13,"taskId":13,"storeId":12,"children":[],"isDirty":false,"eventName":"","ran":false,"success":false}
{"level":"INFO","mac":"c49ded0209b0","date":"20201217124143.569","type":"perf","token":"getActionsToRun","start":3140.4095,"end":3141.7997,"ms":1.3901999999998225}
{"level":"INFO","mac":"c49ded0209b0","date":"20201217124143.572","type":"perf","token":"getActionsToRun","start":3144.165,"end":3144.3963,"ms":0.23129999999991924}
{"level":"INFO","mac":"c49ded0209b0","date":"20201217124143.572","type":"perf","token":"getActionsToRun","start":3144.6928,"end":3144.8349,"ms":0.14210000000002765}
{"level":"INFO","mac":"c49ded0209b0","date":"20201217124143.573","type":"perf","token":"promiseChain_16","start":3144.6709,"end":3145.8306000000002,"ms":1.1597000000001572}
{"level":"INFO","mac":"c49ded0209b0","date":"20201217124143.575","type":"perf","token":"P_ObjS3_16","start":3146.3175,"end":3147.2847,"ms":0.967200000000048,"rootName":"ObjR3","name":"ObjS3","ident":"01.02.01","jobId":16,"taskId":21,"storeId":{"name":"S3:[]","age":38,"jobId":16,"taskId":21},"children":[],"isDirty":true,"eventName":"ObjR3_Event_16","ran":true,"success":false,"promise":{}}
{"level":"INFO","mac":"c49ded0209b0","date":"20201217124143.575","type":"perf","token":"P_ObjP3_16","start":3146.9816,"end":3147.6675,"ms":0.6858999999999469,"rootName":"ObjR3","name":"ObjP3","ident":"01.01","jobId":16,"taskId":23,"storeId":{"name":"P3:[]","age":38,"jobId":16,"taskId":23},"children":[],"isDirty":true,"eventName":"ObjR3_Event_16","ran":true,"success":false,"promise":{}}
{"level":"INFO","mac":"c49ded0209b0","date":"20201217124143.576","type":"perf","token":"P_ObjQ3_16","start":3148.0183,"end":3148.3285,"ms":0.3101999999998952,"rootName":"ObjR3","name":"ObjQ3","ident":"01.02","jobId":16,"taskId":22,"storeId":{"name":"Q3:[S3:[]]","age":38,"jobId":16,"taskId":22},"children":["ObjS3"],"isDirty":true,"eventName":"ObjR3_Event_16","ran":true,"success":false,"promise":{}}
{"level":"INFO","mac":"c49ded0209b0","date":"20201217124143.576","type":"perf","token":"P_ObjR3_16","start":3148.6232,"end":3148.8677,"ms":0.244499999999789,"rootName":"ObjR3","name":"ObjR3","ident":"01","jobId":16,"taskId":24,"storeId":{"name":"R3:[P3:[],Q3:[S3:[]]]","age":38,"jobId":16,"taskId":24},"children":["ObjQ3","ObjP3"],"isDirty":true,"eventName":"","ran":true,"success":false,"promise":{}}
{"level":"INFO","mac":"c49ded0209b0","date":"20201217124143.605","type":"perf","token":"getActionsToRun","start":3177.2586,"end":3177.7300999999998,"ms":0.47149999999965075}
{"level":"INFO","mac":"c49ded0209b0","date":"20201217124143.612","type":"perf","token":"getActionsToRun","start":3178.2880999999998,"end":3183.5816,"ms":5.293500000000222}
{"level":"INFO","mac":"c49ded0209b0","date":"20201217124143.612","type":"perf","token":"promiseChain_18","start":3178.2236,"end":3184.8516,"ms":6.628000000000156}
{"level":"INFO","mac":"c49ded0209b0","date":"20201217124143.613","type":"perf","token":"P_ObjS3_18","start":3185.2467,"end":3185.5095,"ms":0.26279999999997017,"rootName":"ObjR3","name":"ObjS3","ident":"01.02.01","jobId":18,"taskId":29,"storeId":13,"children":[],"isDirty":false,"eventName":"ObjR3_Event_18","ran":false,"success":true,"promise":{}}
{"level":"INFO","mac":"c49ded0209b0","date":"20201217124143.614","type":"perf","token":"P_ObjP3_18","start":3185.8684,"end":3186.1493,"ms":0.28090000000020154,"rootName":"ObjR3","name":"ObjP3","ident":"01.01","jobId":18,"taskId":31,"storeId":14,"children":[],"isDirty":false,"eventName":"ObjR3_Event_18","ran":false,"success":true,"promise":{}}
{"level":"INFO","mac":"c49ded0209b0","date":"20201217124143.616","type":"perf","token":"P_ObjQ3_18","start":3186.4046,"end":3186.5156,"ms":0.11100000000033106,"rootName":"ObjR3","name":"ObjQ3","ident":"01.02","jobId":18,"taskId":30,"storeId":15,"children":["ObjS3"],"isDirty":false,"eventName":"ObjR3_Event_18","ran":false,"success":true,"promise":{}}
{"level":"INFO","mac":"c49ded0209b0","date":"20201217124143.617","type":"perf","token":"P_ObjR3_18","start":3189.2259,"end":3189.3145,"ms":0.0886000000000422,"rootName":"ObjR3","name":"ObjR3","ident":"01","jobId":18,"taskId":32,"storeId":16,"children":["ObjQ3","ObjP3"],"isDirty":false,"eventName":"","ran":false,"success":true,"promise":{}}
{"level":"INFO","mac":"c49ded0209b0","date":"20201217124143.652","type":"perf","token":"getActionsToRun","start":3223.2964,"end":3223.9211999999998,"ms":0.6247999999995955}
{"level":"INFO","mac":"c49ded0209b0","date":"20201217124143.652","type":"perf","token":"getActionsToRun","start":3224.1505,"end":3224.2897,"ms":0.13919999999961874}
{"level":"INFO","mac":"c49ded0209b0","date":"20201217124143.652","type":"perf","token":"F_ObjS3_19","start":3224.6755,"end":3224.7716,"ms":0.09610000000020591,"rootName":"ObjQ3","name":"ObjS3","ident":"01.01","jobId":19,"taskId":33,"storeId":13,"children":[],"isDirty":false,"eventName":"","ran":false,"success":true}
{"level":"INFO","mac":"c49ded0209b0","date":"20201217124143.653","type":"perf","token":"F_ObjQ3_19","start":3224.9643,"end":3225.0156,"ms":0.051300000000082946,"rootName":"ObjQ3","name":"ObjQ3","ident":"01","jobId":19,"taskId":34,"storeId":15,"children":["ObjS3"],"isDirty":false,"eventName":"","ran":false,"success":true}
{"level":"INFO","mac":"c49ded0209b0","date":"20201217124143.653","type":"perf","token":"runTarget_19","start":3224.0801,"end":3225.1801,"ms":1.099999999999909}
{"level":"INFO","mac":"c49ded0209b0","date":"20201217124143.653","type":"perf","token":"getActionsToRun","start":3225.3675,"end":3225.4236,"ms":0.05610000000024229}
{"level":"INFO","mac":"c49ded0209b0","date":"20201217124143.653","type":"perf","token":"getActionsToRun","start":3225.5162,"end":3225.6436,"ms":0.1273999999998523}
{"level":"INFO","mac":"c49ded0209b0","date":"20201217124143.653","type":"perf","token":"promiseChain_22","start":3225.4989,"end":3225.7237,"ms":0.22479999999995925}
{"level":"INFO","mac":"c49ded0209b0","date":"20201217124143.654","type":"perf","token":"P_ObjS3_22","start":3225.8707,"end":3225.917,"ms":0.04629999999997381,"rootName":"ObjR3","name":"ObjS3","ident":"01.02.01","jobId":22,"taskId":38,"storeId":17,"children":[],"isDirty":false,"eventName":"ObjR3_Event_22","ran":false,"success":true,"promise":{}}
{"level":"INFO","mac":"c49ded0209b0","date":"20201217124143.654","type":"perf","token":"P_ObjP3_22","start":3226.0751,"end":3226.1059,"ms":0.030799999999999272,"rootName":"ObjR3","name":"ObjP3","ident":"01.01","jobId":22,"taskId":40,"storeId":14,"children":[],"isDirty":false,"eventName":"ObjR3_Event_22","ran":false,"success":true,"promise":{}}
{"level":"INFO","mac":"c49ded0209b0","date":"20201217124143.654","type":"perf","token":"P_ObjQ3_22","start":3226.2383,"end":3226.3278,"ms":0.08950000000004366,"rootName":"ObjR3","name":"ObjQ3","ident":"01.02","jobId":22,"taskId":39,"storeId":{"name":"Q3:[S3:[]]","age":38,"jobId":22,"taskId":39},"children":["ObjS3"],"isDirty":true,"eventName":"ObjR3_Event_22","ran":true,"success":false,"promise":{}}
{"level":"INFO","mac":"c49ded0209b0","date":"20201217124143.654","type":"perf","token":"P_ObjR3_22","start":3226.6256,"end":3226.735,"ms":0.10940000000027794,"rootName":"ObjR3","name":"ObjR3","ident":"01","jobId":22,"taskId":41,"storeId":{"name":"R3:[P3:[],Q3:[S3:[]]]","age":38,"jobId":22,"taskId":41},"children":["ObjQ3","ObjP3"],"isDirty":true,"eventName":"","ran":true,"success":false,"promise":{}}
{"level":"INFO","mac":"c49ded0209b0","date":"20201217124143.658","type":"perf","token":"addAction","start":3229.7463,"end":3230.7174,"ms":0.9711000000002059,"rootName":"ObjS4","name":"ObjS4","ident":"00.00","jobId":23,"taskId":42,"storeId":20,"children":[],"isDirty":false,"eventName":"","ran":false,"success":false}
{"level":"INFO","mac":"c49ded0209b0","date":"20201217124143.659","type":"perf","token":"addAction","start":3231.1933,"end":3231.4815,"ms":0.2881999999999607,"rootName":"ObjS4","name":"ObjS4","ident":"00.00","jobId":24,"taskId":43,"storeId":21,"children":[],"isDirty":false,"eventName":"","ran":false,"success":false}
{"level":"INFO","mac":"c49ded0209b0","date":"20201217124143.688","type":"perf","token":"getActionsToRun","start":3260.5355,"end":3260.8483,"ms":0.31280000000015207}
